<?xml version="1.0" encoding="UTF-8"?>
<testsuite name="TestSuite" time="60.694" tests="3" errors="0" skipped="0" failures="3">
  <properties>
[...]
</properties>
  <testcase name="buy3CheckoutTest" classname="com.totalgarciniadiscount.automation.Buy3CheckoutTest" time="21.63">
    <failure message="Unsucessful Transaction " type="java.lang.AssertionError">java.lang.AssertionError: Unsucessful Transaction 
	at org.testng.Assert.fail(Assert.java:94)
	at com.totalgarciniadiscount.automation.Buy3CheckoutTest.buy3CheckoutTest(Buy3CheckoutTest.java:95)
</failure>
    <system-out><![CDATA[Retrieving object of type 'link' and value 'Purchase' from the object map
Retrieving object of type 'link' and value 'Purchase' from the object map
Retrieving object of type 'xpath' and value 'html/body/div[2]/div/div[1]/div[1]/a/img' from the object map
Retrieving object of type 'xpath' and value 'html/body/div[2]/div/div[1]/div[1]/a/img' from the object map
Retrieving object of type 'xpath' and value 'html/body/div[2]/div/div[1]/div[1]/a/img' from the object map
Retrieving object of type 'id' and value 'fields_fname' from the object map
Retrieving object of type 'id' and value 'fields_fname' from the object map
Retrieving object of type 'id' and value 'fields_fname' from the object map
Retrieving object of type 'id' and value 'fields_lname' from the object map
Retrieving object of type 'id' and value 'fields_lname' from the object map
Retrieving object of type 'id' and value 'fields_lname' from the object map
Retrieving object of type 'xpath' and value 'html/body/div[2]/div[1]/div[1]/div[1]/div/form/div[1]/div/div[1]/div[3]/input[1] ' from the object map
Retrieving object of type 'xpath' and value 'html/body/div[2]/div[1]/div[1]/div[1]/div/form/div[1]/div/div[1]/div[3]/input[1] ' from the object map
Retrieving object of type 'xpath' and value 'html/body/div[2]/div[1]/div[1]/div[1]/div/form/div[1]/div/div[1]/div[3]/input[1] ' from the object map
Retrieving object of type 'xpath' and value 'html/body/div[2]/div[1]/div[1]/div[1]/div/form/div[1]/div/div[1]/div[4]/input  ' from the object map
Retrieving object of type 'xpath' and value 'html/body/div[2]/div[1]/div[1]/div[1]/div/form/div[1]/div/div[1]/div[4]/input  ' from the object map
Retrieving object of type 'xpath' and value 'html/body/div[2]/div[1]/div[1]/div[1]/div/form/div[1]/div/div[1]/div[4]/input  ' from the object map
Retrieving object of type 'xpath' and value 'html/body/div[2]/div[1]/div[1]/div[1]/div/form/div[1]/div/div[1]/div[5]/div[1]/select' from the object map
Retrieving object of type 'xpath' and value 'html/body/div[2]/div[1]/div[1]/div[1]/div/form/div[1]/div/div[1]/div[5]/div[2]/input' from the object map
Retrieving object of type 'xpath' and value 'html/body/div[2]/div[1]/div[1]/div[1]/div/form/div[1]/div/div[1]/div[5]/div[2]/input' from the object map
Retrieving object of type 'xpath' and value 'html/body/div[2]/div[1]/div[1]/div[1]/div/form/div[1]/div/div[1]/div[5]/div[2]/input' from the object map
Retrieving object of type 'xpath' and value 'html/body/div[2]/div[1]/div[1]/div[1]/div/form/div[1]/div/div[1]/div[6]/div[1]/input' from the object map
Retrieving object of type 'xpath' and value 'html/body/div[2]/div[1]/div[1]/div[1]/div/form/div[1]/div/div[1]/div[6]/div[1]/input' from the object map
Retrieving object of type 'xpath' and value 'html/body/div[2]/div[1]/div[1]/div[1]/div/form/div[1]/div/div[1]/div[6]/div[1]/input' from the object map
Retrieving object of type 'xpath' and value 'html/body/div[2]/div[1]/div[1]/div[1]/div/form/div[1]/div/div[1]/div[6]/div[2]/input' from the object map
Retrieving object of type 'xpath' and value 'html/body/div[2]/div[1]/div[1]/div[1]/div/form/div[1]/div/div[1]/div[6]/div[2]/input' from the object map
Retrieving object of type 'xpath' and value 'html/body/div[2]/div[1]/div[1]/div[1]/div/form/div[1]/div/div[1]/div[6]/div[2]/input' from the object map
Retrieving object of type 'xpath' and value 'html/body/div[2]/div[1]/div[1]/div[1]/div/form/div[2]/div/div[1]/div[1]/div[3]/div[1]/div[1]/input' from the object map
Retrieving object of type 'xpath' and value 'html/body/div[2]/div[1]/div[1]/div[1]/div/form/div[2]/div/div[1]/div[1]/div[3]/div[1]/div[1]/input' from the object map
Retrieving object of type 'xpath' and value 'html/body/div[2]/div[1]/div[1]/div[1]/div/form/div[2]/div/div[1]/div[1]/div[3]/div[1]/div[1]/input' from the object map
Retrieving object of type 'xpath' and value 'html/body/div[2]/div[1]/div[1]/div[1]/div/form/div[2]/div/div[1]/div[1]/div[3]/div[2]/div[1]/select' from the object map
Retrieving object of type 'xpath' and value 'html/body/div[2]/div[1]/div[1]/div[1]/div/form/div[2]/div/div[1]/div[1]/div[3]/div[1]/div[2]/div[1]/select' from the object map
Retrieving object of type 'xpath' and value ' html/body/div[2]/div[1]/div[1]/div[1]/div/form/div[2]/div/div[1]/div[1]/div[3]/div[1]/div[2]/div[2]/select' from the object map
Retrieving object of type 'xpath' and value 'html/body/div[2]/div[1]/div[1]/div[1]/div/form/div[2]/div/div[1]/div[1]/div[3]/div[2]/div[2]/div[1]/input' from the object map
Retrieving object of type 'xpath' and value 'html/body/div[2]/div[1]/div[1]/div[1]/div/form/div[2]/div/div[1]/div[1]/div[3]/div[2]/div[2]/div[1]/input' from the object map
Retrieving object of type 'xpath' and value 'html/body/div[2]/div[1]/div[1]/div[1]/div/form/div[2]/div/div[1]/div[1]/div[3]/div[2]/div[2]/div[1]/input' from the object map
Retrieving object of type 'xpath' and value 'html/body/div[2]/div[1]/div[1]/div[1]/div/form/div[2]/div/div[2]/div[2]/input' from the object map
Retrieving object of type 'xpath' and value 'html/body/div[2]/div[1]/div[1]/div[1]/div/form/div[2]/div/div[2]/div[2]/input' from the object map
Retrieving object of type 'xpath' and value 'html/body/div[2]/div[1]/div[1]/div[1]/div/form/div[2]/div/div[2]/div[1]/div/a' from the object map
Retrieving object of type 'xpath' and value 'html/body/div[2]/div[1]/div[1]/div[1]/div/form/div[2]/div/div[2]/div[1]/div/a' from the object map
Retrieving object of type 'xpath' and value 'html/body/div[2]/div[1]/div[2]/div/div[2]' from the object map
]]></system-out>
  </testcase>
  <testcase name="buy2CheckoutTest" classname="com.totalgarciniadiscount.automation.Buy2CheckoutTest" time="21.244">
    <failure message="Unsucessful Transaction" type="java.lang.AssertionError">java.lang.AssertionError: Unsucessful Transaction
	at org.testng.Assert.fail(Assert.java:94)
	at com.totalgarciniadiscount.automation.Buy2CheckoutTest.buy2CheckoutTest(Buy2CheckoutTest.java:96)
</failure>
    <system-out><![CDATA[Retrieving object of type 'link' and value 'Purchase' from the object map
Retrieving object of type 'link' and value 'Purchase' from the object map
Retrieving object of type 'xpath' and value ' html/body/div[2]/div/div[1]/div[2]/a/img' from the object map
Retrieving object of type 'xpath' and value ' html/body/div[2]/div/div[1]/div[2]/a/img' from the object map
Retrieving object of type 'xpath' and value ' html/body/div[2]/div/div[1]/div[2]/a/img' from the object map
Retrieving object of type 'id' and value 'fields_fname' from the object map
Retrieving object of type 'id' and value 'fields_fname' from the object map
Retrieving object of type 'id' and value 'fields_fname' from the object map
Retrieving object of type 'id' and value 'fields_lname' from the object map
Retrieving object of type 'id' and value 'fields_lname' from the object map
Retrieving object of type 'id' and value 'fields_lname' from the object map
Retrieving object of type 'xpath' and value 'html/body/div[2]/div[1]/div[1]/div[1]/div/form/div[1]/div/div[1]/div[3]/input[1] ' from the object map
Retrieving object of type 'xpath' and value 'html/body/div[2]/div[1]/div[1]/div[1]/div/form/div[1]/div/div[1]/div[3]/input[1] ' from the object map
Retrieving object of type 'xpath' and value 'html/body/div[2]/div[1]/div[1]/div[1]/div/form/div[1]/div/div[1]/div[3]/input[1] ' from the object map
Retrieving object of type 'xpath' and value 'html/body/div[2]/div[1]/div[1]/div[1]/div/form/div[1]/div/div[1]/div[4]/input  ' from the object map
Retrieving object of type 'xpath' and value 'html/body/div[2]/div[1]/div[1]/div[1]/div/form/div[1]/div/div[1]/div[4]/input  ' from the object map
Retrieving object of type 'xpath' and value 'html/body/div[2]/div[1]/div[1]/div[1]/div/form/div[1]/div/div[1]/div[4]/input  ' from the object map
Retrieving object of type 'xpath' and value 'html/body/div[2]/div[1]/div[1]/div[1]/div/form/div[1]/div/div[1]/div[5]/div[1]/select' from the object map
Retrieving object of type 'xpath' and value 'html/body/div[2]/div[1]/div[1]/div[1]/div/form/div[1]/div/div[1]/div[5]/div[2]/input' from the object map
Retrieving object of type 'xpath' and value 'html/body/div[2]/div[1]/div[1]/div[1]/div/form/div[1]/div/div[1]/div[5]/div[2]/input' from the object map
Retrieving object of type 'xpath' and value 'html/body/div[2]/div[1]/div[1]/div[1]/div/form/div[1]/div/div[1]/div[5]/div[2]/input' from the object map
Retrieving object of type 'xpath' and value 'html/body/div[2]/div[1]/div[1]/div[1]/div/form/div[1]/div/div[1]/div[6]/div[1]/input' from the object map
Retrieving object of type 'xpath' and value 'html/body/div[2]/div[1]/div[1]/div[1]/div/form/div[1]/div/div[1]/div[6]/div[1]/input' from the object map
Retrieving object of type 'xpath' and value 'html/body/div[2]/div[1]/div[1]/div[1]/div/form/div[1]/div/div[1]/div[6]/div[1]/input' from the object map
Retrieving object of type 'xpath' and value 'html/body/div[2]/div[1]/div[1]/div[1]/div/form/div[1]/div/div[1]/div[6]/div[2]/input' from the object map
Retrieving object of type 'xpath' and value 'html/body/div[2]/div[1]/div[1]/div[1]/div/form/div[1]/div/div[1]/div[6]/div[2]/input' from the object map
Retrieving object of type 'xpath' and value 'html/body/div[2]/div[1]/div[1]/div[1]/div/form/div[1]/div/div[1]/div[6]/div[2]/input' from the object map
Retrieving object of type 'xpath' and value 'html/body/div[2]/div[1]/div[1]/div[1]/div/form/div[2]/div/div[1]/div[1]/div[3]/div[1]/div[1]/input' from the object map
Retrieving object of type 'xpath' and value 'html/body/div[2]/div[1]/div[1]/div[1]/div/form/div[2]/div/div[1]/div[1]/div[3]/div[1]/div[1]/input' from the object map
Retrieving object of type 'xpath' and value 'html/body/div[2]/div[1]/div[1]/div[1]/div/form/div[2]/div/div[1]/div[1]/div[3]/div[1]/div[1]/input' from the object map
Retrieving object of type 'xpath' and value 'html/body/div[2]/div[1]/div[1]/div[1]/div/form/div[2]/div/div[1]/div[1]/div[3]/div[2]/div[1]/select' from the object map
Retrieving object of type 'xpath' and value 'html/body/div[2]/div[1]/div[1]/div[1]/div/form/div[2]/div/div[1]/div[1]/div[3]/div[1]/div[2]/div[1]/select' from the object map
Retrieving object of type 'xpath' and value ' html/body/div[2]/div[1]/div[1]/div[1]/div/form/div[2]/div/div[1]/div[1]/div[3]/div[1]/div[2]/div[2]/select' from the object map
Retrieving object of type 'xpath' and value 'html/body/div[2]/div[1]/div[1]/div[1]/div/form/div[2]/div/div[1]/div[1]/div[3]/div[2]/div[2]/div[1]/input' from the object map
Retrieving object of type 'xpath' and value 'html/body/div[2]/div[1]/div[1]/div[1]/div/form/div[2]/div/div[1]/div[1]/div[3]/div[2]/div[2]/div[1]/input' from the object map
Retrieving object of type 'xpath' and value 'html/body/div[2]/div[1]/div[1]/div[1]/div/form/div[2]/div/div[1]/div[1]/div[3]/div[2]/div[2]/div[1]/input' from the object map
Retrieving object of type 'xpath' and value 'html/body/div[2]/div[1]/div[1]/div[1]/div/form/div[2]/div/div[2]/div[2]/input' from the object map
Retrieving object of type 'xpath' and value 'html/body/div[2]/div[1]/div[1]/div[1]/div/form/div[2]/div/div[2]/div[2]/input' from the object map
Retrieving object of type 'xpath' and value 'html/body/div[2]/div[1]/div[1]/div[1]/div/form/div[2]/div/div[2]/div[1]/div/a' from the object map
Retrieving object of type 'xpath' and value 'html/body/div[2]/div[1]/div[1]/div[1]/div/form/div[2]/div/div[2]/div[1]/div/a' from the object map
Retrieving object of type 'xpath' and value 'html/body/div[2]/div[1]/div[2]/div/div[2]' from the object map
]]></system-out>
  </testcase>
  <testcase name="buy1CheckoutTest" classname="com.totalgarciniadiscount.automation.Buy1CheckoutTest" time="17.82">
    <failure message="Unsucessful Transaction" type="java.lang.AssertionError">java.lang.AssertionError: Unsucessful Transaction
	at org.testng.Assert.fail(Assert.java:94)
	at com.totalgarciniadiscount.automation.Buy1CheckoutTest.buy1CheckoutTest(Buy1CheckoutTest.java:96)
</failure>
    <system-out><![CDATA[Retrieving object of type 'link' and value 'Purchase' from the object map
Retrieving object of type 'link' and value 'Purchase' from the object map
Retrieving object of type 'xpath' and value ' html/body/div[2]/div/div[1]/div[3]/a/img' from the object map
Retrieving object of type 'xpath' and value ' html/body/div[2]/div/div[1]/div[3]/a/img' from the object map
Retrieving object of type 'xpath' and value ' html/body/div[2]/div/div[1]/div[3]/a/img' from the object map
Retrieving object of type 'id' and value 'fields_fname' from the object map
Retrieving object of type 'id' and value 'fields_fname' from the object map
Retrieving object of type 'id' and value 'fields_fname' from the object map
Retrieving object of type 'id' and value 'fields_lname' from the object map
Retrieving object of type 'id' and value 'fields_lname' from the object map
Retrieving object of type 'id' and value 'fields_lname' from the object map
Retrieving object of type 'xpath' and value 'html/body/div[2]/div[1]/div[1]/div[1]/div/form/div[1]/div/div[1]/div[3]/input[1] ' from the object map
Retrieving object of type 'xpath' and value 'html/body/div[2]/div[1]/div[1]/div[1]/div/form/div[1]/div/div[1]/div[3]/input[1] ' from the object map
Retrieving object of type 'xpath' and value 'html/body/div[2]/div[1]/div[1]/div[1]/div/form/div[1]/div/div[1]/div[3]/input[1] ' from the object map
Retrieving object of type 'xpath' and value 'html/body/div[2]/div[1]/div[1]/div[1]/div/form/div[1]/div/div[1]/div[4]/input  ' from the object map
Retrieving object of type 'xpath' and value 'html/body/div[2]/div[1]/div[1]/div[1]/div/form/div[1]/div/div[1]/div[4]/input  ' from the object map
Retrieving object of type 'xpath' and value 'html/body/div[2]/div[1]/div[1]/div[1]/div/form/div[1]/div/div[1]/div[4]/input  ' from the object map
Retrieving object of type 'xpath' and value 'html/body/div[2]/div[1]/div[1]/div[1]/div/form/div[1]/div/div[1]/div[5]/div[1]/select' from the object map
Retrieving object of type 'xpath' and value 'html/body/div[2]/div[1]/div[1]/div[1]/div/form/div[1]/div/div[1]/div[5]/div[2]/input' from the object map
Retrieving object of type 'xpath' and value 'html/body/div[2]/div[1]/div[1]/div[1]/div/form/div[1]/div/div[1]/div[5]/div[2]/input' from the object map
Retrieving object of type 'xpath' and value 'html/body/div[2]/div[1]/div[1]/div[1]/div/form/div[1]/div/div[1]/div[5]/div[2]/input' from the object map
Retrieving object of type 'xpath' and value 'html/body/div[2]/div[1]/div[1]/div[1]/div/form/div[1]/div/div[1]/div[6]/div[1]/input' from the object map
Retrieving object of type 'xpath' and value 'html/body/div[2]/div[1]/div[1]/div[1]/div/form/div[1]/div/div[1]/div[6]/div[1]/input' from the object map
Retrieving object of type 'xpath' and value 'html/body/div[2]/div[1]/div[1]/div[1]/div/form/div[1]/div/div[1]/div[6]/div[1]/input' from the object map
Retrieving object of type 'xpath' and value 'html/body/div[2]/div[1]/div[1]/div[1]/div/form/div[1]/div/div[1]/div[6]/div[2]/input' from the object map
Retrieving object of type 'xpath' and value 'html/body/div[2]/div[1]/div[1]/div[1]/div/form/div[1]/div/div[1]/div[6]/div[2]/input' from the object map
Retrieving object of type 'xpath' and value 'html/body/div[2]/div[1]/div[1]/div[1]/div/form/div[1]/div/div[1]/div[6]/div[2]/input' from the object map
Retrieving object of type 'xpath' and value 'html/body/div[2]/div[1]/div[1]/div[1]/div/form/div[2]/div/div[1]/div[1]/div[3]/div[1]/div[1]/input' from the object map
Retrieving object of type 'xpath' and value 'html/body/div[2]/div[1]/div[1]/div[1]/div/form/div[2]/div/div[1]/div[1]/div[3]/div[1]/div[1]/input' from the object map
Retrieving object of type 'xpath' and value 'html/body/div[2]/div[1]/div[1]/div[1]/div/form/div[2]/div/div[1]/div[1]/div[3]/div[1]/div[1]/input' from the object map
Retrieving object of type 'xpath' and value 'html/body/div[2]/div[1]/div[1]/div[1]/div/form/div[2]/div/div[1]/div[1]/div[3]/div[2]/div[1]/select' from the object map
Retrieving object of type 'xpath' and value 'html/body/div[2]/div[1]/div[1]/div[1]/div/form/div[2]/div/div[1]/div[1]/div[3]/div[1]/div[2]/div[1]/select' from the object map
Retrieving object of type 'xpath' and value ' html/body/div[2]/div[1]/div[1]/div[1]/div/form/div[2]/div/div[1]/div[1]/div[3]/div[1]/div[2]/div[2]/select' from the object map
Retrieving object of type 'xpath' and value 'html/body/div[2]/div[1]/div[1]/div[1]/div/form/div[2]/div/div[1]/div[1]/div[3]/div[2]/div[2]/div[1]/input' from the object map
Retrieving object of type 'xpath' and value 'html/body/div[2]/div[1]/div[1]/div[1]/div/form/div[2]/div/div[1]/div[1]/div[3]/div[2]/div[2]/div[1]/input' from the object map
Retrieving object of type 'xpath' and value 'html/body/div[2]/div[1]/div[1]/div[1]/div/form/div[2]/div/div[1]/div[1]/div[3]/div[2]/div[2]/div[1]/input' from the object map
Retrieving object of type 'xpath' and value 'html/body/div[2]/div[1]/div[1]/div[1]/div/form/div[2]/div/div[2]/div[2]/input' from the object map
Retrieving object of type 'xpath' and value 'html/body/div[2]/div[1]/div[1]/div[1]/div/form/div[2]/div/div[2]/div[2]/input' from the object map
Retrieving object of type 'xpath' and value 'html/body/div[2]/div[1]/div[1]/div[1]/div/form/div[2]/div/div[2]/div[1]/div/a' from the object map
Retrieving object of type 'xpath' and value 'html/body/div[2]/div[1]/div[1]/div[1]/div/form/div[2]/div/div[2]/div[1]/div/a' from the object map
Retrieving object of type 'xpath' and value 'html/body/div[2]/div[1]/div[2]/div/div[2]' from the object map
]]></system-out>
  </testcase>
</testsuite>